#
# There is insufficient memory for the Java Runtime Environment to continue.
# Native memory allocation (malloc) failed to allocate 1048576 bytes for AllocateHeap
# Possible reasons:
#   The system is out of physical RAM or swap space
#   In 32 bit mode, the process size limit was hit
# Possible solutions:
#   Reduce memory load on the system
#   Increase physical memory or swap space
#   Check if swap backing store is full
#   Use 64 bit Java on a 64 bit OS
#   Decrease Java heap size (-Xmx/-Xms)
#   Decrease number of Java threads
#   Decrease Java thread stack sizes (-Xss)
#   Set larger code cache with -XX:ReservedCodeCacheSize=
# This output file may be truncated or incomplete.
#
#  Out of Memory Error (memory/allocation.inline.hpp:61), pid=1752, tid=0x0000000000001898
#
# JRE version:  (8.0_144-b01) (build )
# Java VM: Java HotSpot(TM) 64-Bit Server VM (25.144-b01 mixed mode windows-amd64 compressed oops)
# Failed to write core dump. Minidumps are not enabled by default on client versions of Windows
#

---------------  T H R E A D  ---------------

Current thread (0x0000000000f3d800):  JavaThread "Unknown thread" [_thread_in_vm, id=6296, stack(0x0000000002960000,0x0000000002a60000)]

Stack: [0x0000000002960000,0x0000000002a60000]
[error occurred during error reporting (printing stack bounds), id 0xc0000005]

Native frames: (J=compiled Java code, j=interpreted, Vv=VM code, C=native code)


---------------  P R O C E S S  ---------------

Java Threads: ( => current thread )

Other Threads:

=>0x0000000000f3d800 (exited) JavaThread "Unknown thread" [_thread_in_vm, id=6296, stack(0x0000000002960000,0x0000000002a60000)]

VM state:not at safepoint (normal execution)

VM Mutex/Monitor currently owned by a thread: None

Heap:
 PSYoungGen      total 38400K, used 665K [0x00000000d5c00000, 0x00000000d8680000, 0x0000000100000000)
  eden space 33280K, 2% used [0x00000000d5c00000,0x00000000d5ca6670,0x00000000d7c80000)
  from space 5120K, 0% used [0x00000000d8180000,0x00000000d8180000,0x00000000d8680000)
  to   space 5120K, 0% used [0x00000000d7c80000,0x00000000d7c80000,0x00000000d8180000)
 ParOldGen       total 87552K, used 0K [0x0000000081400000, 0x0000000086980000, 0x00000000d5c00000)
  object space 87552K, 0% used [0x0000000081400000,0x0000000081400000,0x0000000086980000)
 Metaspace       used 770K, capacity 4480K, committed 4480K, reserved 1056768K
  class space    used 75K, capacity 384K, committed 384K, reserved 1048576K

Card table byte_map: [0x0000000011f20000,0x0000000012320000] byte_map_base: 0x0000000011b16000

Marking Bits: (ParMarkBitMap*) 0x000000006fd5d850
 Begin Bits: [0x00000000129d0000, 0x0000000014980000)
 End Bits:   [0x0000000014980000, 0x0000000016930000)

Polling page: 0x00000000007f0000

CodeCache: size=245760Kb used=328Kb max_used=328Kb free=245431Kb
 bounds [0x0000000002b60000, 0x0000000002dd0000, 0x0000000011b60000]
 total_blobs=58 nmethods=0 adapters=38
 compilation: enabled

Compilation events (0 events):
No events

GC Heap History (0 events):
No events

Deoptimization events (0 events):
No events

Internal exceptions (0 events):
No events

Events (10 events):
Event: 0.033 loading class java/lang/Short
Event: 0.033 loading class java/lang/Short done
Event: 0.033 loading class java/lang/Integer
Event: 0.033 loading class java/lang/Integer done
Event: 0.033 loading class java/lang/Long
Event: 0.033 loading class java/lang/Long done
Event: 0.034 loading class java/lang/NullPointerException
Event: 0.034 loading class java/lang/NullPointerException done
Event: 0.034 loading class java/lang/ArithmeticException
Event: 0.034 loading class java/lang/ArithmeticException done


Dynamic libraries:
0x00007ff743e10000 - 0x00007ff743e47000 	C:\Program Files\Java\jdk1.8.0_144\bin\java.exe
0x00007ff864300000 - 0x00007ff8644f0000 	C:\WINDOWS\SYSTEM32\ntdll.dll
0x00007ff862800000 - 0x00007ff8628b2000 	C:\WINDOWS\System32\KERNEL32.DLL
0x00007ff861e90000 - 0x00007ff862133000 	C:\WINDOWS\System32\KERNELBASE.dll
0x00007ff863380000 - 0x00007ff863423000 	C:\WINDOWS\System32\ADVAPI32.dll
0x00007ff862fd0000 - 0x00007ff86306e000 	C:\WINDOWS\System32\msvcrt.dll
0x00007ff863070000 - 0x00007ff863107000 	C:\WINDOWS\System32\sechost.dll
0x00007ff862de0000 - 0x00007ff862f00000 	C:\WINDOWS\System32\RPCRT4.dll
0x00007ff863660000 - 0x00007ff8637f3000 	C:\WINDOWS\System32\USER32.dll
0x00007ff861290000 - 0x00007ff8612b1000 	C:\WINDOWS\System32\win32u.dll
0x00007ff863140000 - 0x00007ff863166000 	C:\WINDOWS\System32\GDI32.dll
0x00007ff862210000 - 0x00007ff8623a4000 	C:\WINDOWS\System32\gdi32full.dll
0x00007ff861cf0000 - 0x00007ff861d8e000 	C:\WINDOWS\System32\msvcp_win.dll
0x00007ff861bf0000 - 0x00007ff861cea000 	C:\WINDOWS\System32\ucrtbase.dll
0x00007ff858f90000 - 0x00007ff859215000 	C:\WINDOWS\WinSxS\amd64_microsoft.windows.common-controls_6595b64144ccf1df_6.0.18362.356_none_e6c4af7d130f27cc\COMCTL32.dll
0x00007ff863880000 - 0x00007ff863bb6000 	C:\WINDOWS\System32\combase.dll
0x00007ff862140000 - 0x00007ff8621c0000 	C:\WINDOWS\System32\bcryptPrimitives.dll
0x00007ff863110000 - 0x00007ff86313e000 	C:\WINDOWS\System32\IMM32.DLL
0x0000000070380000 - 0x0000000070452000 	C:\Program Files\Java\jdk1.8.0_144\jre\bin\msvcr100.dll
0x000000006f540000 - 0x000000006fddd000 	C:\Program Files\Java\jdk1.8.0_144\jre\bin\server\jvm.dll
0x00007ff8642b0000 - 0x00007ff8642b8000 	C:\WINDOWS\System32\PSAPI.DLL
0x00007ff852c10000 - 0x00007ff852c19000 	C:\WINDOWS\SYSTEM32\WSOCK32.dll
0x00007ff862570000 - 0x00007ff8625df000 	C:\WINDOWS\System32\WS2_32.dll
0x00007ff85da80000 - 0x00007ff85daa4000 	C:\WINDOWS\SYSTEM32\WINMM.dll
0x00007ff85aff0000 - 0x00007ff85affa000 	C:\WINDOWS\SYSTEM32\VERSION.dll
0x00007ff85da50000 - 0x00007ff85da7d000 	C:\WINDOWS\SYSTEM32\WINMMBASE.dll
0x00007ff861d90000 - 0x00007ff861dda000 	C:\WINDOWS\System32\cfgmgr32.dll
0x0000000070330000 - 0x000000007033f000 	C:\Program Files\Java\jdk1.8.0_144\jre\bin\verify.dll
0x0000000070300000 - 0x0000000070329000 	C:\Program Files\Java\jdk1.8.0_144\jre\bin\java.dll
0x000000006f520000 - 0x000000006f536000 	C:\Program Files\Java\jdk1.8.0_144\jre\bin\zip.dll

VM Arguments:
jvm_args: -Dfile.encoding=UTF-8 
java_command: uncertainty.InputWindow
java_class_path (initial): C:\Users\tommy\Documents\NetBeansProjects\aima-java\aima-core\target\aima-core-3.0.0.jar;C:\Users\tommy\Documents\NetBeansProjects\Uncertainty\build\classes
Launcher Type: SUN_STANDARD

Environment Variables:
PATH=C:\ProgramData\Oracle\Java\javapath;C:\Program Files (x86)\Intel\iCLS Client\;C:\Program Files\Intel\iCLS Client\;C:\windows\system32;C:\windows;C:\windows\System32\Wbem;C:\windows\System32\WindowsPowerShell\v1.0\;C:\Program Files (x86)\Intel\Intel(R) Management Engine Components\DAL;C:\Program Files\Intel\Intel(R) Management Engine Components\DAL;C:\Program Files (x86)\Intel\Intel(R) Management Engine Components\IPT;C:\Program Files\Intel\Intel(R) Management Engine Components\IPT;c:\Program Files\Intel\WiFi\bin\;C:\Users\tommy\AppData\Local\Programs\Python\Python36;C:\Python27;C:\Program Files\Microsoft SQL Server\130\Tools\Binn\;C:\Program Files\dotnet\;C:\Users\tommy\AppData\Local\Microsoft\WindowsApps;C:\adb;C:\WINDOWS\system32;C:\WINDOWS;C:\WINDOWS\System32\Wbem;C:\WINDOWS\System32\WindowsPowerShell\v1.0\;C:\Program Files\CMake\bin;C:\WINDOWS\System32\OpenSSH\;C:\Program Files\Java\jdk1.8.0_144\bin;C:\Program Files\MATLAB\R2018b\bin;C:\Program Files\clingo-5.3.0-win64;C:\Program Files (x86)\CLIPS;%JADEROOTDIR%\BIN;C:\Users\tommy\AppData\Local\Programs\Python\Python36\Scripts\;C:\Users\tommy\AppData\Local\Programs\Python\Python36\;C:\Users\tommy\AppData\Local\Microsoft\WindowsApps;C:\Users\tommy\AppData\Local\Programs\Fiddler;C:\Users\tommy\Downloads\opencv\build\install\x64\vc15\bin;C:\Program Files\Microsoft VS Code\bin;C:\Users\tommy\Anaconda3\Scripts;C:\Users\tommy\AppData\Local\atom\bin;%USERPROFILE%\AppData\Local\Microsoft\WindowsApps;
USERNAME=tommy
OS=Windows_NT
PROCESSOR_IDENTIFIER=Intel64 Family 6 Model 142 Stepping 9, GenuineIntel



---------------  S Y S T E M  ---------------

OS: Windows 10.0 , 64 bit Build 18362 (10.0.18362.329)

CPU:total 4 (initial active 4) (2 cores per cpu, 2 threads per core) family 6 model 142 stepping 9, cmov, cx8, fxsr, mmx, sse, sse2, sse3, ssse3, sse4.1, sse4.2, popcnt, avx, avx2, aes, clmul, erms, 3dnowpref, lzcnt, ht, tsc, tscinvbit, bmi1, bmi2, adx

Memory: 4k page, physical 8302500k(2172292k free), swap 8302500k(6044k free)

vm_info: Java HotSpot(TM) 64-Bit Server VM (25.144-b01) for windows-amd64 JRE (1.8.0_144-b01), built on Jul 21 2017 21:57:33 by "java_re" with MS VC++ 10.0 (VS2010)

time: Fri Sep 27 18:43:20 2019
elapsed time: 0 seconds (0d 0h 0m 0s)

